<?xml version="1.0" encoding="UTF-8"?>
<robot generator="Robot 4.1.3 (Python 3.10.2 on win32)" generated="20220316 01:38:28.120" rpa="false" schemaversion="2">
<suite id="s1" name="Kuvera" source="C:\Users\user\Robot\testcases\kuvera.robot">
<test id="s1-t1" name="To verify whether the user is able to add stock in watchlist">
<kw name="Given open kuvera and login" library="resources">
<kw name="Open Browser" library="SeleniumLibrary">
<arg>${kuvera URL}</arg>
<arg>${browser}</arg>
<doc>Opens a new browser instance to the optional ``url``.</doc>
<msg timestamp="20220316 01:38:28.464" level="INFO">Opening browser 'chrome' to base url 'https://kuvera.in/'.</msg>
<status status="PASS" starttime="20220316 01:38:28.464" endtime="20220316 01:38:31.418"/>
</kw>
<kw name="Sleep" library="BuiltIn">
<arg>2s</arg>
<doc>Pauses the test executed for the given time.</doc>
<msg timestamp="20220316 01:38:33.428" level="INFO">Slept 2 seconds</msg>
<status status="PASS" starttime="20220316 01:38:31.419" endtime="20220316 01:38:33.428"/>
</kw>
<kw name="Maximize Browser Window" library="SeleniumLibrary">
<doc>Maximizes current browser window.</doc>
<status status="PASS" starttime="20220316 01:38:33.428" endtime="20220316 01:38:33.589"/>
</kw>
<kw name="Click Element" library="SeleniumLibrary">
<arg>${close}</arg>
<doc>Click the element identified by ``locator``.</doc>
<msg timestamp="20220316 01:38:33.591" level="INFO">Clicking element 'xpath://button[contains(text(),'Close')]'.</msg>
<status status="PASS" starttime="20220316 01:38:33.590" endtime="20220316 01:38:33.777"/>
</kw>
<kw name="Sleep" library="BuiltIn">
<arg>2s</arg>
<doc>Pauses the test executed for the given time.</doc>
<msg timestamp="20220316 01:38:35.788" level="INFO">Slept 2 seconds</msg>
<status status="PASS" starttime="20220316 01:38:33.777" endtime="20220316 01:38:35.789"/>
</kw>
<kw name="Click Element" library="SeleniumLibrary">
<arg>${Login}</arg>
<doc>Click the element identified by ``locator``.</doc>
<msg timestamp="20220316 01:38:35.791" level="INFO">Clicking element 'xpath://a[contains(text(),'Log in')]'.</msg>
<status status="PASS" starttime="20220316 01:38:35.789" endtime="20220316 01:38:35.875"/>
</kw>
<kw name="Sleep" library="BuiltIn">
<arg>5s</arg>
<doc>Pauses the test executed for the given time.</doc>
<msg timestamp="20220316 01:38:40.889" level="INFO">Slept 5 seconds</msg>
<status status="PASS" starttime="20220316 01:38:35.876" endtime="20220316 01:38:40.889"/>
</kw>
<kw name="Input Text" library="SeleniumLibrary">
<arg>${email}</arg>
<arg>${email value}</arg>
<doc>Types the given ``text`` into the text field identified by ``locator``.</doc>
<msg timestamp="20220316 01:38:40.890" level="INFO">Typing text 'Indiakarnataka18@gmail.com' into text field 'id:email'.</msg>
<status status="PASS" starttime="20220316 01:38:40.889" endtime="20220316 01:38:41.056"/>
</kw>
<kw name="Input Text" library="SeleniumLibrary">
<arg>${password}</arg>
<arg>${pass value}</arg>
<doc>Types the given ``text`` into the text field identified by ``locator``.</doc>
<msg timestamp="20220316 01:38:41.057" level="INFO">Typing text 'Tom2jerry!' into text field 'id:password'.</msg>
<status status="PASS" starttime="20220316 01:38:41.056" endtime="20220316 01:38:41.199"/>
</kw>
<kw name="Sleep" library="BuiltIn">
<arg>5s</arg>
<doc>Pauses the test executed for the given time.</doc>
<msg timestamp="20220316 01:38:46.202" level="INFO">Slept 5 seconds</msg>
<status status="PASS" starttime="20220316 01:38:41.199" endtime="20220316 01:38:46.202"/>
</kw>
<kw name="Click Button" library="SeleniumLibrary">
<arg>${button}</arg>
<doc>Clicks the button identified by ``locator``.</doc>
<msg timestamp="20220316 01:38:46.203" level="INFO">Clicking button 'id:login-btn'.</msg>
<status status="PASS" starttime="20220316 01:38:46.203" endtime="20220316 01:38:46.308"/>
</kw>
<kw name="Sleep" library="BuiltIn">
<arg>10s</arg>
<doc>Pauses the test executed for the given time.</doc>
<msg timestamp="20220316 01:38:56.309" level="INFO">Slept 10 seconds</msg>
<status status="PASS" starttime="20220316 01:38:46.308" endtime="20220316 01:38:56.309"/>
</kw>
<kw name="Click Element" library="SeleniumLibrary">
<arg>${stocks}</arg>
<doc>Click the element identified by ``locator``.</doc>
<msg timestamp="20220316 01:38:56.310" level="INFO">Clicking element 'xpath://span[contains(text(),'Stocks')]'.</msg>
<status status="PASS" starttime="20220316 01:38:56.310" endtime="20220316 01:38:56.448"/>
</kw>
<status status="PASS" starttime="20220316 01:38:28.463" endtime="20220316 01:38:56.448"/>
</kw>
<kw name="When click on stock and add to wishlist" library="resources">
<kw name="Sleep" library="BuiltIn">
<arg>6s</arg>
<doc>Pauses the test executed for the given time.</doc>
<msg timestamp="20220316 01:39:02.458" level="INFO">Slept 6 seconds</msg>
<status status="PASS" starttime="20220316 01:38:56.449" endtime="20220316 01:39:02.459"/>
</kw>
<kw name="Click Element" library="SeleniumLibrary">
<arg>${add wishlist}</arg>
<doc>Click the element identified by ``locator``.</doc>
<msg timestamp="20220316 01:39:02.460" level="INFO">Clicking element 'class:k-cursor--pointer'.</msg>
<status status="PASS" starttime="20220316 01:39:02.459" endtime="20220316 01:39:02.588"/>
</kw>
<status status="PASS" starttime="20220316 01:38:56.449" endtime="20220316 01:39:02.588"/>
</kw>
<kw name="Close Browser" library="SeleniumLibrary">
<doc>Closes the current browser.</doc>
<status status="PASS" starttime="20220316 01:39:02.609" endtime="20220316 01:39:05.272"/>
</kw>
<tag>TC_1</tag>
<status status="PASS" starttime="20220316 01:38:28.462" endtime="20220316 01:39:05.273"/>
</test>
<test id="s1-t2" name="To verify whether the user is able to remove stock from watchlist">
<kw name="Given open kuvera and login" library="resources">
<kw name="Open Browser" library="SeleniumLibrary">
<arg>${kuvera URL}</arg>
<arg>${browser}</arg>
<doc>Opens a new browser instance to the optional ``url``.</doc>
<msg timestamp="20220316 01:39:05.278" level="INFO">Opening browser 'chrome' to base url 'https://kuvera.in/'.</msg>
<status status="PASS" starttime="20220316 01:39:05.277" endtime="20220316 01:39:08.747"/>
</kw>
<kw name="Sleep" library="BuiltIn">
<arg>2s</arg>
<doc>Pauses the test executed for the given time.</doc>
<msg timestamp="20220316 01:39:10.758" level="INFO">Slept 2 seconds</msg>
<status status="PASS" starttime="20220316 01:39:08.747" endtime="20220316 01:39:10.758"/>
</kw>
<kw name="Maximize Browser Window" library="SeleniumLibrary">
<doc>Maximizes current browser window.</doc>
<status status="PASS" starttime="20220316 01:39:10.758" endtime="20220316 01:39:10.916"/>
</kw>
<kw name="Click Element" library="SeleniumLibrary">
<arg>${close}</arg>
<doc>Click the element identified by ``locator``.</doc>
<msg timestamp="20220316 01:39:10.917" level="INFO">Clicking element 'xpath://button[contains(text(),'Close')]'.</msg>
<status status="PASS" starttime="20220316 01:39:10.916" endtime="20220316 01:39:11.082"/>
</kw>
<kw name="Sleep" library="BuiltIn">
<arg>2s</arg>
<doc>Pauses the test executed for the given time.</doc>
<msg timestamp="20220316 01:39:13.089" level="INFO">Slept 2 seconds</msg>
<status status="PASS" starttime="20220316 01:39:11.083" endtime="20220316 01:39:13.089"/>
</kw>
<kw name="Click Element" library="SeleniumLibrary">
<arg>${Login}</arg>
<doc>Click the element identified by ``locator``.</doc>
<msg timestamp="20220316 01:39:13.091" level="INFO">Clicking element 'xpath://a[contains(text(),'Log in')]'.</msg>
<status status="PASS" starttime="20220316 01:39:13.090" endtime="20220316 01:39:13.205"/>
</kw>
<kw name="Sleep" library="BuiltIn">
<arg>5s</arg>
<doc>Pauses the test executed for the given time.</doc>
<msg timestamp="20220316 01:39:18.208" level="INFO">Slept 5 seconds</msg>
<status status="PASS" starttime="20220316 01:39:13.205" endtime="20220316 01:39:18.208"/>
</kw>
<kw name="Input Text" library="SeleniumLibrary">
<arg>${email}</arg>
<arg>${email value}</arg>
<doc>